<?xml version="1.0" encoding="UTF-8"?>
<coverage generated="1664454480503" clover="3.2.0">
  <project timestamp="1664454480503" name="All files">
    <metrics statements="18" coveredstatements="17" conditionals="0" coveredconditionals="0" methods="10" coveredmethods="9" elements="28" coveredelements="26" complexity="0" loc="18" ncloc="18" packages="1" files="4" classes="4"/>
    <file name="cloneArray.js" path="/Users/temiedani/Desktop/QMUL/Programming 👨🏿‍💻/JavaScript/jest/cloneArray.js">
      <metrics statements="2" coveredstatements="2" conditionals="0" coveredconditionals="0" methods="1" coveredmethods="1"/>
      <line num="2" count="2" type="stmt"/>
      <line num="5" count="1" type="stmt"/>
    </file>
    <file name="functions.js" path="/Users/temiedani/Desktop/QMUL/Programming 👨🏿‍💻/JavaScript/jest/functions.js">
      <metrics statements="12" coveredstatements="11" conditionals="0" coveredconditionals="0" methods="7" coveredmethods="6"/>
      <line num="1" count="1" type="stmt"/>
      <line num="3" count="1" type="stmt"/>
      <line num="4" count="2" type="stmt"/>
      <line num="5" count="1" type="stmt"/>
      <line num="6" count="1" type="stmt"/>
      <line num="8" count="1" type="stmt"/>
      <line num="9" count="1" type="stmt"/>
      <line num="10" count="1" type="stmt"/>
      <line num="13" count="1" type="stmt"/>
      <line num="15" count="1" type="stmt"/>
      <line num="16" count="0" type="stmt"/>
      <line num="19" count="1" type="stmt"/>
    </file>
    <file name="subtract.js" path="/Users/temiedani/Desktop/QMUL/Programming 👨🏿‍💻/JavaScript/jest/subtract.js">
      <metrics statements="2" coveredstatements="2" conditionals="0" coveredconditionals="0" methods="1" coveredmethods="1"/>
      <line num="2" count="3" type="stmt"/>
      <line num="5" count="1" type="stmt"/>
    </file>
    <file name="sum.js" path="/Users/temiedani/Desktop/QMUL/Programming 👨🏿‍💻/JavaScript/jest/sum.js">
      <metrics statements="2" coveredstatements="2" conditionals="0" coveredconditionals="0" methods="1" coveredmethods="1"/>
      <line num="3" count="2" type="stmt"/>
      <line num="6" count="1" type="stmt"/>
    </file>
  </project>
</coverage>
